C51 COMPILER V9.59.0.0   LCD12864                                                          10/26/2024 18:58:48 PAGE 1   


C51 COMPILER V9.59.0.0, COMPILATION OF MODULE LCD12864
OBJECT MODULE PLACED IN .\Objects\lcd12864.obj
COMPILER INVOKED BY: D:\CodeDesign\Keil5-C51\C51\BIN\C51.EXE lcd12864.c COMPACT OPTIMIZE(8,SPEED) BROWSE DEBUG OBJECTEXT
                    -END PRINT(.\Listings\lcd12864.lst) TABS(2) OBJECT(.\Objects\lcd12864.obj)

line level    source

   1          #include "lcd12864.h"
   2          
   3          void delay_ms(unsigned int ms)
   4          {
   5   1          unsigned int i, j;
   6   1          for (i = ms; i > 0; i--)
   7   1              for (j = 110; j > 0; j--);
   8   1      }
   9          
  10          void LCD_SendByte(unsigned char dat)
  11          {
  12   1          unsigned char i;
  13   1          for (i = 0; i < 8; i++)
  14   1          {
  15   2              LCD_CLK = 0;
  16   2              LCD_DATA = (dat & 0x80) ? 1 : 0;
  17   2              dat <<= 1;
  18   2              LCD_CLK = 1;
  19   2          }
  20   1      }
  21          
  22          void LCD_SendCmd(unsigned char cmd)
  23          {
  24   1          LCD_SendByte(0xF8);
  25   1          LCD_SendByte(cmd & 0xF0);
  26   1          LCD_SendByte((cmd & 0x0F) << 4);
  27   1      }
  28          
  29          void LCD_SendData(unsigned char dat)
  30          {
  31   1          LCD_SendByte(0xFA);
  32   1          LCD_SendByte(dat & 0xF0);
  33   1          LCD_SendByte((dat & 0x0F) << 4);
  34   1      }
  35          
  36          void LCD_Init(void)
  37          {
  38   1          delay_ms(50);
  39   1          LCD_SendCmd(0x30);
  40   1          delay_ms(1);
  41   1          LCD_SendCmd(0x0C);
  42   1          delay_ms(1);
  43   1          LCD_SendCmd(0x01);
  44   1          delay_ms(10);
  45   1          LCD_Clear();
  46   1      }
  47          
  48          void LCD_SetCursor(unsigned char x, unsigned char y)
  49          {
  50   1          unsigned char addr;
  51   1          if (y == 0)
  52   1              addr = 0x80 + x;
  53   1          else if (y == 1)
  54   1              addr = 0x90 + x;
C51 COMPILER V9.59.0.0   LCD12864                                                          10/26/2024 18:58:48 PAGE 2   

  55   1          else if (y == 2)
  56   1              addr = 0x88 + x;
  57   1          else if (y == 3)
  58   1              addr = 0x98 + x;
  59   1          LCD_SendCmd(addr);
  60   1      }
  61          
  62          void LCD_DisplayString(unsigned char x, unsigned char y, unsigned char *str)
  63          {    LCD_ClearLine(y);
  64   1          LCD_SetCursor(x, y);
  65   1          while (*str)
  66   1          {
  67   2              LCD_SendData(*str++);
  68   2          }
  69   1      }
  70          
  71          
  72          void LCD_UpdateChar(unsigned char x, unsigned char y, unsigned char ch)// 一次更新一个位置的字符  比如A和s
             -enddata 在功能上是相同的，前提是光标已经设置到 (0, 0) 位置。
  73          {
  74   1          LCD_SetCursor(x, y);
  75   1          LCD_SendData(ch);
  76   1      }
  77          
  78          void LCD_ClearLine(unsigned char y)
  79          {
  80   1          
  81   1          unsigned char i = 0;
  82   1          LCD_SetCursor(0, y);
  83   1          for (i; i < 16; i++)  // 假设每行有16个字符
  84   1          {
  85   2              LCD_SendData(' ');
  86   2          }
  87   1      }
  88          
  89          void LCD_Clear(void)
  90          {
  91   1          LCD_SendCmd(0x01);  // 清屏命令
  92   1          delay_ms(10);       // 等待清屏完成
  93   1      }


MODULE INFORMATION:   STATIC OVERLAYABLE
   CODE SIZE        =    309    ----
   CONSTANT SIZE    =   ----    ----
   XDATA SIZE       =   ----    ----
   PDATA SIZE       =   ----       5
   DATA SIZE        =   ----    ----
   IDATA SIZE       =   ----    ----
   BIT SIZE         =   ----    ----
END OF MODULE INFORMATION.


C51 COMPILATION COMPLETE.  0 WARNING(S),  0 ERROR(S)
