C51 COMPILER V9.59.0.0   PWM                                                               10/26/2024 18:58:49 PAGE 1   


C51 COMPILER V9.59.0.0, COMPILATION OF MODULE PWM
OBJECT MODULE PLACED IN .\Objects\pwm.obj
COMPILER INVOKED BY: D:\CodeDesign\Keil5-C51\C51\BIN\C51.EXE pwm.c COMPACT OPTIMIZE(8,SPEED) BROWSE DEBUG OBJECTEXTEND P
                    -RINT(.\Listings\pwm.lst) TABS(2) OBJECT(.\Objects\pwm.obj)

line level    source

   1          #include "pwm.h"
   2          
   3          void PWM_Init(void) {
   4   1          // 设置PCA模块
   5   1          CMOD = 0x02;  // PCA时钟源为Fosc/2
   6   1          CCAP0H = 0x00; // 初始占空比为0
   7   1          CCAP0L = 0x00;
   8   1          CCAPM0 = 0x42; // 模块0为PWM模式
   9   1          CR = 1; // 启动PCA计数器
  10   1          PWM_SetDuty(0);//  初始占空比为0   也就是输出为0
  11   1      }
  12          
  13          void PWM_SetDuty(unsigned char duty) {
  14   1          // 反转占空比以适应低电平有效
  15   1          duty = 255 - duty;
  16   1          CCAP0H = duty;
  17   1          CCAP0L = duty;
  18   1      }
  19          


MODULE INFORMATION:   STATIC OVERLAYABLE
   CODE SIZE        =     26    ----
   CONSTANT SIZE    =   ----    ----
   XDATA SIZE       =   ----    ----
   PDATA SIZE       =   ----    ----
   DATA SIZE        =   ----    ----
   IDATA SIZE       =   ----    ----
   BIT SIZE         =   ----    ----
END OF MODULE INFORMATION.


C51 COMPILATION COMPLETE.  0 WARNING(S),  0 ERROR(S)
